<?xml version="1.0" encoding="UTF-8"?>
<testng-results ignored="0" total="1" passed="1" failed="0" skipped="0">
  <reporter-output>
  </reporter-output>
  <suite started-at="2023-10-02T16:52:19 IST" name="Default suite" finished-at="2023-10-02T16:52:21 IST" duration-ms="2161">
    <groups>
    </groups>
    <test started-at="2023-10-02T16:52:19 IST" name="Default test" finished-at="2023-10-02T16:52:21 IST" duration-ms="2161">
      <class name="storedProcedureTesting.SPTesting">
        <test-method is-config="true" signature="setup()[pri:0, instance:storedProcedureTesting.SPTesting@67d48005]" started-at="2023-10-02T16:52:19 IST" name="setup" finished-at="2023-10-02T16:52:21 IST" duration-ms="1514" status="PASS">
          <reporter-output>
          </reporter-output>
        </test-method> <!-- setup -->
        <test-method signature="test_get_customerShipping()[pri:6, instance:storedProcedureTesting.SPTesting@67d48005]" started-at="2023-10-02T16:52:21 IST" name="test_get_customerShipping" finished-at="2023-10-02T16:52:21 IST" duration-ms="555" status="PASS">
          <reporter-output>
          </reporter-output>
        </test-method> <!-- test_get_customerShipping -->
        <test-method is-config="true" signature="teardown()[pri:0, instance:storedProcedureTesting.SPTesting@67d48005]" started-at="2023-10-02T16:52:21 IST" name="teardown" finished-at="2023-10-02T16:52:21 IST" duration-ms="4" status="PASS">
          <reporter-output>
          </reporter-output>
        </test-method> <!-- teardown -->
      </class> <!-- storedProcedureTesting.SPTesting -->
    </test> <!-- Default test -->
  </suite> <!-- Default suite -->
</testng-results>
